<?xml version="1.0" encoding="UTF-8"?>
<!-- Generated by org.testng.reporters.JUnitReportReporter -->
<testsuite hostname="LIN51017941" failures="0" tests="1" name="tests.oneTest" time="0.003" errors="0" timestamp="2024-07-09T15:47:35 IST" skipped="0">
  <testcase classname="tests.oneTest" name="testone" time="0.003"/>
</testsuite> <!-- tests.oneTest -->
