<?xml version="1.0" encoding="UTF-8"?>
<!-- Generated by org.testng.reporters.JUnitReportReporter -->
<testsuite hostname="LIN51017941" failures="0" tests="2" name="tests.Logintest" time="19.970" errors="0" timestamp="2024-07-09T15:47:35 IST" skipped="0">
  <testcase classname="tests.Logintest" name="login" time="15.104"/>
  <testcase classname="tests.Logintest" name="login" time="4.866"/>
</testsuite> <!-- tests.Logintest -->
