<?xml version="1.0" encoding="UTF-8"?>
<!-- Generated by org.testng.reporters.JUnitReportReporter -->
<testsuite hostname="LIN51017941" failures="0" tests="1" name="tests.twoTest" time="0.013" errors="0" timestamp="2024-07-09T15:47:35 IST" skipped="0">
  <testcase classname="tests.twoTest" name="twotest" time="0.013"/>
</testsuite> <!-- tests.twoTest -->
