<?xml version="1.0" encoding="UTF-8"?>
<!-- Generated by org.testng.reporters.JUnitReportReporter -->
<testsuite hostname="LIN51017941" failures="0" tests="2" name="tests.Logintest" time="13.070" errors="0" timestamp="2024-07-09T16:01:31 IST" skipped="0">
  <testcase classname="tests.Logintest" name="login" time="8.362"/>
  <testcase classname="tests.Logintest" name="login" time="4.708"/>
</testsuite> <!-- tests.Logintest -->
