<?xml version="1.0" encoding="UTF-8"?>
<!-- Generated by org.testng.reporters.JUnitReportReporter -->
<testsuite hostname="LIN51017941" failures="0" tests="1" name="tests.oneTest" time="0.000" errors="0" timestamp="2024-07-09T16:01:31 IST" skipped="0">
  <testcase classname="tests.oneTest" name="testone" time="0.000"/>
</testsuite> <!-- tests.oneTest -->
